{"/Users/chihaiyue/Documents/project/favicon/index.js": {"path":"/Users/chihaiyue/Documents/project/favicon/index.js","statementMap":{"0":{"start":{"line":3,"column":10},"end":{"line":3,"column":24}},"1":{"start":{"line":4,"column":14},"end":{"line":4,"column":32}},"2":{"start":{"line":5,"column":18},"end":{"line":5,"column":41}},"3":{"start":{"line":6,"column":21},"end":{"line":6,"column":45}},"4":{"start":{"line":8,"column":0},"end":{"line":29,"column":2}},"5":{"start":{"line":9,"column":12},"end":{"line":9,"column":26}},"6":{"start":{"line":10,"column":15},"end":{"line":10,"column":41}},"7":{"start":{"line":11,"column":14},"end":{"line":11,"column":35}},"8":{"start":{"line":14,"column":4},"end":{"line":28,"column":7}},"9":{"start":{"line":15,"column":8},"end":{"line":15,"column":38}},"10":{"start":{"line":15,"column":17},"end":{"line":15,"column":38}},"11":{"start":{"line":16,"column":8},"end":{"line":16,"column":48}},"12":{"start":{"line":16,"column":21},"end":{"line":16,"column":48}},"13":{"start":{"line":20,"column":8},"end":{"line":27,"column":11}},"14":{"start":{"line":21,"column":23},"end":{"line":21,"column":45}},"15":{"start":{"line":22,"column":12},"end":{"line":24,"column":13}},"16":{"start":{"line":23,"column":16},"end":{"line":23,"column":44}},"17":{"start":{"line":26,"column":12},"end":{"line":26,"column":40}}},"fnMap":{"0":{"name":"(anonymous_0)","decl":{"start":{"line":8,"column":17},"end":{"line":8,"column":18}},"loc":{"start":{"line":8,"column":42},"end":{"line":29,"column":1}},"line":8},"1":{"name":"(anonymous_1)","decl":{"start":{"line":14,"column":24},"end":{"line":14,"column":25}},"loc":{"start":{"line":14,"column":48},"end":{"line":28,"column":5}},"line":14},"2":{"name":"(anonymous_2)","decl":{"start":{"line":20,"column":22},"end":{"line":20,"column":23}},"loc":{"start":{"line":20,"column":48},"end":{"line":27,"column":9}},"line":20}},"branchMap":{"0":{"loc":{"start":{"line":15,"column":8},"end":{"line":15,"column":38}},"type":"if","locations":[{"start":{"line":15,"column":8},"end":{"line":15,"column":38}},{"start":{"line":15,"column":8},"end":{"line":15,"column":38}}],"line":15},"1":{"loc":{"start":{"line":16,"column":8},"end":{"line":16,"column":48}},"type":"if","locations":[{"start":{"line":16,"column":8},"end":{"line":16,"column":48}},{"start":{"line":16,"column":8},"end":{"line":16,"column":48}}],"line":16},"2":{"loc":{"start":{"line":22,"column":12},"end":{"line":24,"column":13}},"type":"if","locations":[{"start":{"line":22,"column":12},"end":{"line":24,"column":13}},{"start":{"line":22,"column":12},"end":{"line":24,"column":13}}],"line":22}},"s":{"0":1,"1":1,"2":1,"3":1,"4":1,"5":7,"6":7,"7":7,"8":7,"9":7,"10":0,"11":7,"12":5,"13":2,"14":2,"15":2,"16":1,"17":1},"f":{"0":7,"1":7,"2":2},"b":{"0":[0,7],"1":[5,2],"2":[1,1]},"_coverageSchema":"43e27e138ebf9cfc5966b082cf9a028302ed4184","hash":"be428246ccc7a6ed5569b99863a0c25968313757"}
,"/Users/chihaiyue/Documents/project/favicon/lib/helper.js": {"path":"/Users/chihaiyue/Documents/project/favicon/lib/helper.js","statementMap":{"0":{"start":{"line":3,"column":10},"end":{"line":3,"column":24}},"1":{"start":{"line":5,"column":0},"end":{"line":40,"column":1}},"2":{"start":{"line":6,"column":12},"end":{"line":6,"column":26}},"3":{"start":{"line":7,"column":15},"end":{"line":7,"column":41}},"4":{"start":{"line":8,"column":14},"end":{"line":8,"column":35}},"5":{"start":{"line":10,"column":18},"end":{"line":10,"column":33}},"6":{"start":{"line":11,"column":17},"end":{"line":11,"column":47}},"7":{"start":{"line":12,"column":18},"end":{"line":12,"column":42}},"8":{"start":{"line":13,"column":22},"end":{"line":13,"column":53}},"9":{"start":{"line":14,"column":16},"end":{"line":14,"column":20}},"10":{"start":{"line":15,"column":20},"end":{"line":15,"column":24}},"11":{"start":{"line":17,"column":4},"end":{"line":39,"column":5}},"12":{"start":{"line":18,"column":8},"end":{"line":18,"column":43}},"13":{"start":{"line":19,"column":25},"end":{"line":19,"column":59}},"14":{"start":{"line":21,"column":8},"end":{"line":23,"column":9}},"15":{"start":{"line":22,"column":12},"end":{"line":22,"column":49}},"16":{"start":{"line":24,"column":8},"end":{"line":24,"column":36}},"17":{"start":{"line":24,"column":24},"end":{"line":24,"column":36}},"18":{"start":{"line":25,"column":18},"end":{"line":25,"column":31}},"19":{"start":{"line":27,"column":8},"end":{"line":37,"column":9}},"20":{"start":{"line":29,"column":15},"end":{"line":37,"column":9}},"21":{"start":{"line":30,"column":12},"end":{"line":30,"column":35}},"22":{"start":{"line":32,"column":15},"end":{"line":37,"column":9}},"23":{"start":{"line":33,"column":12},"end":{"line":33,"column":29}},"24":{"start":{"line":35,"column":15},"end":{"line":37,"column":9}},"25":{"start":{"line":36,"column":12},"end":{"line":36,"column":35}},"26":{"start":{"line":38,"column":8},"end":{"line":38,"column":19}}},"fnMap":{"0":{"name":"extractLint","decl":{"start":{"line":5,"column":26},"end":{"line":5,"column":37}},"loc":{"start":{"line":5,"column":49},"end":{"line":40,"column":1}},"line":5}},"branchMap":{"0":{"loc":{"start":{"line":19,"column":25},"end":{"line":19,"column":59}},"type":"binary-expr","locations":[{"start":{"line":19,"column":25},"end":{"line":19,"column":46}},{"start":{"line":19,"column":50},"end":{"line":19,"column":59}}],"line":19},"1":{"loc":{"start":{"line":21,"column":8},"end":{"line":23,"column":9}},"type":"if","locations":[{"start":{"line":21,"column":8},"end":{"line":23,"column":9}},{"start":{"line":21,"column":8},"end":{"line":23,"column":9}}],"line":21},"2":{"loc":{"start":{"line":21,"column":12},"end":{"line":21,"column":48}},"type":"binary-expr","locations":[{"start":{"line":21,"column":12},"end":{"line":21,"column":23}},{"start":{"line":21,"column":27},"end":{"line":21,"column":48}}],"line":21},"3":{"loc":{"start":{"line":24,"column":8},"end":{"line":24,"column":36}},"type":"if","locations":[{"start":{"line":24,"column":8},"end":{"line":24,"column":36}},{"start":{"line":24,"column":8},"end":{"line":24,"column":36}}],"line":24},"4":{"loc":{"start":{"line":27,"column":8},"end":{"line":37,"column":9}},"type":"if","locations":[{"start":{"line":27,"column":8},"end":{"line":37,"column":9}},{"start":{"line":27,"column":8},"end":{"line":37,"column":9}}],"line":27},"5":{"loc":{"start":{"line":29,"column":15},"end":{"line":37,"column":9}},"type":"if","locations":[{"start":{"line":29,"column":15},"end":{"line":37,"column":9}},{"start":{"line":29,"column":15},"end":{"line":37,"column":9}}],"line":29},"6":{"loc":{"start":{"line":32,"column":15},"end":{"line":37,"column":9}},"type":"if","locations":[{"start":{"line":32,"column":15},"end":{"line":37,"column":9}},{"start":{"line":32,"column":15},"end":{"line":37,"column":9}}],"line":32},"7":{"loc":{"start":{"line":35,"column":15},"end":{"line":37,"column":9}},"type":"if","locations":[{"start":{"line":35,"column":15},"end":{"line":37,"column":9}},{"start":{"line":35,"column":15},"end":{"line":37,"column":9}}],"line":35}},"s":{"0":1,"1":1,"2":7,"3":7,"4":7,"5":7,"6":7,"7":7,"8":7,"9":7,"10":7,"11":7,"12":7,"13":7,"14":7,"15":1,"16":7,"17":1,"18":6,"19":6,"20":4,"21":2,"22":2,"23":1,"24":1,"25":1,"26":6},"f":{"0":7},"b":{"0":[7,6],"1":[1,6],"2":[7,2],"3":[1,6],"4":[2,4],"5":[2,2],"6":[1,1],"7":[1,0]},"_coverageSchema":"43e27e138ebf9cfc5966b082cf9a028302ed4184","hash":"3f36c195c8f660a458fb7d509317cac66e3048dd"}
,"/Users/chihaiyue/Documents/project/favicon/lib/request.js": {"path":"/Users/chihaiyue/Documents/project/favicon/lib/request.js","statementMap":{"0":{"start":{"line":2,"column":14},"end":{"line":2,"column":32}},"1":{"start":{"line":4,"column":0},"end":{"line":9,"column":1}},"2":{"start":{"line":5,"column":4},"end":{"line":8,"column":7}},"3":{"start":{"line":6,"column":8},"end":{"line":6,"column":38}},"4":{"start":{"line":6,"column":17},"end":{"line":6,"column":38}},"5":{"start":{"line":7,"column":8},"end":{"line":7,"column":46}}},"fnMap":{"0":{"name":"does_it_render","decl":{"start":{"line":4,"column":26},"end":{"line":4,"column":40}},"loc":{"start":{"line":4,"column":56},"end":{"line":9,"column":1}},"line":4},"1":{"name":"(anonymous_1)","decl":{"start":{"line":5,"column":17},"end":{"line":5,"column":18}},"loc":{"start":{"line":5,"column":43},"end":{"line":8,"column":5}},"line":5}},"branchMap":{"0":{"loc":{"start":{"line":6,"column":8},"end":{"line":6,"column":38}},"type":"if","locations":[{"start":{"line":6,"column":8},"end":{"line":6,"column":38}},{"start":{"line":6,"column":8},"end":{"line":6,"column":38}}],"line":6}},"s":{"0":1,"1":1,"2":7,"3":7,"4":0,"5":7},"f":{"0":7,"1":7},"b":{"0":[0,7]},"_coverageSchema":"43e27e138ebf9cfc5966b082cf9a028302ed4184","hash":"a3a43bca93fd9d469162f04be5265eb961a3dbbe"}
}
