TN:
SF:/Users/vincent/Documents/project/favicon/helper.js
FN:4,extractLint
FNF:1
FNH:1
FNDA:1,extractLint
DA:2,1
DA:4,1
DA:5,1
DA:6,1
DA:7,1
DA:9,1
DA:10,1
DA:11,1
DA:12,1
DA:13,1
DA:14,1
DA:16,1
DA:17,1
DA:18,1
DA:20,1
DA:21,0
DA:23,1
DA:24,1
DA:26,0
DA:27,0
DA:29,1
LF:21
LH:18
BRDA:17,0,0,1
BRDA:17,0,1,0
BRDA:17,1,0,1
BRDA:17,1,1,1
BRDA:20,2,0,0
BRDA:20,2,1,1
BRDA:23,3,0,1
BRDA:23,3,1,0
BRDA:26,4,0,0
BRDA:26,4,1,0
BRF:10
BRH:5
end_of_record
TN:
SF:/Users/vincent/Documents/project/favicon/index.js
FN:8,(anonymous_0)
FN:14,(anonymous_1)
FN:20,(anonymous_2)
FNF:3
FNH:2
FNDA:1,(anonymous_0)
FNDA:1,(anonymous_1)
FNDA:0,(anonymous_2)
DA:3,1
DA:4,1
DA:5,1
DA:6,1
DA:8,1
DA:9,1
DA:10,1
DA:11,1
DA:14,1
DA:15,1
DA:16,1
DA:20,0
DA:21,0
DA:22,0
DA:23,0
DA:26,0
LF:16
LH:11
BRDA:15,0,0,0
BRDA:15,0,1,1
BRDA:16,1,0,1
BRDA:16,1,1,0
BRDA:22,2,0,0
BRDA:22,2,1,0
BRF:6
BRH:2
end_of_record
TN:
SF:/Users/vincent/Documents/project/favicon/request.js
FN:4,does_it_render
FN:5,(anonymous_1)
FNF:2
FNH:2
FNDA:1,does_it_render
FNDA:1,(anonymous_1)
DA:2,1
DA:4,1
DA:5,1
DA:6,1
DA:7,1
LF:5
LH:5
BRDA:6,0,0,0
BRDA:6,0,1,1
BRF:2
BRH:1
end_of_record
