TN:
SF:/Users/chihaiyue/Documents/project/favicon/index.js
FN:8,(anonymous_0)
FN:14,(anonymous_1)
FN:20,(anonymous_2)
FNF:3
FNH:3
FNDA:7,(anonymous_0)
FNDA:7,(anonymous_1)
FNDA:2,(anonymous_2)
DA:3,1
DA:4,1
DA:5,1
DA:6,1
DA:8,1
DA:9,7
DA:10,7
DA:11,7
DA:14,7
DA:15,7
DA:16,7
DA:20,2
DA:21,2
DA:22,2
DA:23,1
DA:26,1
LF:16
LH:16
BRDA:15,0,0,0
BRDA:15,0,1,7
BRDA:16,1,0,5
BRDA:16,1,1,2
BRDA:22,2,0,1
BRDA:22,2,1,1
BRF:6
BRH:5
end_of_record
TN:
SF:/Users/chihaiyue/Documents/project/favicon/lib/helper.js
FN:5,extractLint
FNF:1
FNH:1
FNDA:7,extractLint
DA:3,1
DA:5,1
DA:6,7
DA:7,7
DA:8,7
DA:10,7
DA:11,7
DA:12,7
DA:13,7
DA:14,7
DA:15,7
DA:17,7
DA:18,7
DA:19,7
DA:21,7
DA:22,1
DA:24,7
DA:25,6
DA:27,6
DA:29,4
DA:30,2
DA:32,2
DA:33,1
DA:35,1
DA:36,1
DA:38,6
LF:26
LH:26
BRDA:19,0,0,7
BRDA:19,0,1,6
BRDA:21,1,0,1
BRDA:21,1,1,6
BRDA:21,2,0,7
BRDA:21,2,1,2
BRDA:24,3,0,1
BRDA:24,3,1,6
BRDA:27,4,0,2
BRDA:27,4,1,4
BRDA:29,5,0,2
BRDA:29,5,1,2
BRDA:32,6,0,1
BRDA:32,6,1,1
BRDA:35,7,0,1
BRDA:35,7,1,0
BRF:16
BRH:15
end_of_record
TN:
SF:/Users/chihaiyue/Documents/project/favicon/lib/request.js
FN:4,does_it_render
FN:5,(anonymous_1)
FNF:2
FNH:2
FNDA:7,does_it_render
FNDA:7,(anonymous_1)
DA:2,1
DA:4,1
DA:5,7
DA:6,7
DA:7,7
LF:5
LH:5
BRDA:6,0,0,0
BRDA:6,0,1,7
BRF:2
BRH:1
end_of_record
